<?xml version="1.0" encoding="UTF-8" ?>
<testsuite tests="5" failures="0" name="com.login.service.LoginServiceTest" time="0.016" errors="0" skipped="0">
  <properties>
    <property name="java.vendor" value="Oracle Corporation"/>
    <property name="JOB_NAME" value="JavaProjectDemo"/>
    <property name="sun.java.launcher" value="SUN_STANDARD"/>
    <property name="windows_tracing_logfile" value="C:\BVTBin\Tests\installpackage\csilogfile.log"/>
    <property name="NUMBER_OF_PROCESSORS" value="4"/>
    <property name="sun.management.compiler" value="HotSpot 64-Bit Tiered Compilers"/>
    <property name="JENKINS_HOME" value="C:\Users\moha2371\.jenkins"/>
    <property name="HUDSON_SERVER_COOKIE" value="a15679a916d2a01c"/>
    <property name="POM_ARTIFACTID" value="JavaProjectDemo"/>
    <property name="os.name" value="Windows 7"/>
    <property name="sun.boot.class.path" value="C:\Program Files\Java\jdk1.8.0_20\jre\lib\resources.jar;C:\Program Files\Java\jdk1.8.0_20\jre\lib\rt.jar;C:\Program Files\Java\jdk1.8.0_20\jre\lib\sunrsasign.jar;C:\Program Files\Java\jdk1.8.0_20\jre\lib\jsse.jar;C:\Program Files\Java\jdk1.8.0_20\jre\lib\jce.jar;C:\Program Files\Java\jdk1.8.0_20\jre\lib\charsets.jar;C:\Program Files\Java\jdk1.8.0_20\jre\lib\jfr.jar;C:\Program Files\Java\jdk1.8.0_20\jre\classes"/>
    <property name="EXECUTOR_NUMBER" value="0"/>
    <property name="sun.desktop" value="windows"/>
    <property name="PATHEXT" value=".COM;.EXE;.BAT;.CMD;.VBS;.VBE;.JS;.JSE;.WSF;.WSH;.MSC;.RB;.RBW"/>
    <property name="java.vm.specification.vendor" value="Oracle Corporation"/>
    <property name="POM_DISPLAYNAME" value="Spring-Java-Junit-SonarQube-Demo"/>
    <property name="NODE_LABELS" value="master"/>
    <property name="TEMP" value="C:\Users\moha2371\AppData\Local\Temp"/>
    <property name="java.runtime.version" value="1.8.0_20-b26"/>
    <property name="user.name" value="moha2371"/>
    <property name="guice.disable.misplaced.annotation.check" value="true"/>
    <property name="CommonProgramW6432" value="C:\Program Files\Common Files"/>
    <property name="ProgramFiles" value="C:\Program Files"/>
    <property name="user.language" value="en"/>
    <property name="JOB_BASE_NAME" value="JavaProjectDemo"/>
    <property name="RUN_CHANGES_DISPLAY_URL" value="http://172.24.30.237:8081/jenkins1/job/JavaProjectDemo/2/display/redirect?page=changes"/>
    <property name="M2" value="%M2_HOME%\bin"/>
    <property name="BUILD_DISPLAY_NAME" value="#2"/>
    <property name="sun.boot.library.path" value="C:\Program Files\Java\jdk1.8.0_20\jre\bin"/>
    <property name="LOCALAPPDATA" value="C:\Users\moha2371\AppData\Local"/>
    <property name="java.version" value="1.8.0_20"/>
    <property name="PROCESSOR_LEVEL" value="6"/>
    <property name="user.timezone" value="Asia/Calcutta"/>
    <property name="USERNAME" value="moha2371"/>
    <property name="sun.arch.data.model" value="64"/>
    <property name="NODE_NAME" value="master"/>
    <property name="java.endorsed.dirs" value="C:\Program Files\Java\jdk1.8.0_20\jre\lib\endorsed"/>
    <property name="BUILD_ID" value="2"/>
    <property name="sun.cpu.isalist" value="amd64"/>
    <property name="sun.jnu.encoding" value="Cp1252"/>
    <property name="file.encoding.pkg" value="sun.io"/>
    <property name="file.separator" value="\"/>
    <property name="java.specification.name" value="Java Platform API Specification"/>
    <property name="HOMEDRIVE" value="C:"/>
    <property name="java.class.version" value="52.0"/>
    <property name="=::" value="::\"/>
    <property name="org.slf4j.simpleLogger.defaultLogLevel" value="info"/>
    <property name="user.country" value="US"/>
    <property name="ALLUSERSPROFILE" value="C:\ProgramData"/>
    <property name="java.home" value="C:\Program Files\Java\jdk1.8.0_20\jre"/>
    <property name="java.vm.info" value="mixed mode"/>
    <property name="os.version" value="6.1"/>
    <property name="RUN_DISPLAY_URL" value="http://172.24.30.237:8081/jenkins1/job/JavaProjectDemo/2/display/redirect"/>
    <property name="POM_VERSION" value="1"/>
    <property name="TMP" value="C:\Users\moha2371\AppData\Local\Temp"/>
    <property name="path.separator" value=";"/>
    <property name="java.vm.version" value="25.20-b23"/>
    <property name="user.variant" value=""/>
    <property name="JOB_DISPLAY_URL" value="http://172.24.30.237:8081/jenkins1/job/JavaProjectDemo/display/redirect"/>
    <property name="CommonProgramFiles(x86)" value="C:\Program Files (x86)\Common Files"/>
    <property name="java.awt.printerjob" value="sun.awt.windows.WPrinterJob"/>
    <property name="FP_NO_HOST_CHECK" value="NO"/>
    <property name="JAVA_HOME" value="C:\Program Files\Java\jdk1.8.0_20"/>
    <property name="sun.io.unicode.encoding" value="UnicodeLittle"/>
    <property name="CommonProgramFiles" value="C:\Program Files\Common Files"/>
    <property name="ComSpec" value="C:\Windows\system32\cmd.exe"/>
    <property name="HOMEPATH" value="\Users\moha2371"/>
    <property name="awt.toolkit" value="sun.awt.windows.WToolkit"/>
    <property name="USERDNSDOMAIN" value="KUMARAN.COM"/>
    <property name="POM_PACKAGING" value="war"/>
    <property name="user.script" value=""/>
    <property name="COMPUTERNAME" value="MOHA2371"/>
    <property name="JAVA_HOME7" value="C:\Program Files\Java\jre7"/>
    <property name="POM_GROUPID" value="com.concretepage.app"/>
    <property name="user.home" value="C:\Users\moha2371"/>
    <property name="PUBLIC" value="C:\Users\Public"/>
    <property name="BUILD_TAG" value="jenkins-JavaProjectDemo-2"/>
    <property name="JENKINS_SERVER_COOKIE" value="a15679a916d2a01c"/>
    <property name="HUDSON_URL" value="http://172.24.30.237:8081/jenkins1/"/>
    <property name="ProgramData" value="C:\ProgramData"/>
    <property name="java.specification.vendor" value="Oracle Corporation"/>
    <property name="USERPROFILE" value="C:\Users\moha2371"/>
    <property name="CLASSPATH" value=""/>
    <property name="java.vendor.url" value="http://java.oracle.com/"/>
    <property name="java.library.path" value="C:\Program Files\Java\jdk1.8.0_20\bin;C:\Windows\Sun\Java\bin;C:\Windows\system32;C:\Windows;C:\Users\moha2371\.jenkins\tools\hudson.tasks.Maven_MavenInstallation\maven_3.3.9/bin;D:\app\moha2371\product\11.2.0\client_2\bin;D:\app\moha2371\product\11.2.0\client_1;D:\app\moha2371\product\11.2.0\dbhome_1\bin;C:\ProgramData\Oracle\Java\javapath;C:\Windows\system32;C:\Windows;C:\Windows\System32\Wbem;C:\Windows\System32\WindowsPowerShell\v1.0\;C:\Program Files\nodejs\;C:\Windows\System32;C:\Program Files\Java\jdk1.8.0_20\bin;C:\Program Files\TortoiseSVN\bin;C:\WINDOWS\system32;%M2_HOME%\bin;D:\6.RESEARCH-AND-DEVELOPMENT\sonarqube\sonar-scanner-3.0.1.733-windows\bin;C:\Program Files\Git\cmd;C:\Program Files\Git\mingw64\bin;C:\Program Files\Git\usr\bin;C:\Program Files\TortoiseGit\bin;c:\jruby-9.1.8.0\bin;C:\Ruby23-x64\bin;%M2_HOME%\bin;C:\Program Files\Git\bin;."/>
    <property name="java.vm.vendor" value="Oracle Corporation"/>
    <property name="APPDATA" value="C:\Users\moha2371\AppData\Roaming"/>
    <property name="java.runtime.name" value="Java(TM) SE Runtime Environment"/>
    <property name="maven.home" value="C:\Users\moha2371\.jenkins\tools\hudson.tasks.Maven_MavenInstallation\maven_3.3.9"/>
    <property name="java.class.path" value="C:\Users\moha2371\.jenkins\plugins\maven-plugin\WEB-INF\lib\maven33-agent-1.8.1.jar;C:\Users\moha2371\.jenkins\tools\hudson.tasks.Maven_MavenInstallation\maven_3.3.9\boot\plexus-classworlds-2.5.2.jar;C:\Users\moha2371\.jenkins\tools\hudson.tasks.Maven_MavenInstallation\maven_3.3.9/conf/logging"/>
    <property name="sun.java.command" value="jenkins.maven3.agent.Maven33Main C:\Users\moha2371\.jenkins\tools\hudson.tasks.Maven_MavenInstallation\maven_3.3.9 D:\Rafiq\WS\.metadata\.plugins\org.eclipse.wst.server.core\tmp0\wtpwebapps\jenkins\WEB-INF\lib\remoting-3.4.1.jar C:\Users\moha2371\.jenkins\plugins\maven-plugin\WEB-INF\lib\maven33-interceptor-1.8.1.jar C:\Users\moha2371\.jenkins\plugins\maven-plugin\WEB-INF\lib\maven3-interceptor-commons-1.8.1.jar 52436"/>
    <property name="Path" value="D:\app\moha2371\product\11.2.0\client_2\bin;D:\app\moha2371\product\11.2.0\client_1;D:\app\moha2371\product\11.2.0\dbhome_1\bin;C:\ProgramData\Oracle\Java\javapath;C:\Windows\system32;C:\Windows;C:\Windows\System32\Wbem;C:\Windows\System32\WindowsPowerShell\v1.0\;C:\Program Files\nodejs\;C:\Windows\System32;C:\Program Files\Java\jdk1.8.0_20\bin;C:\Program Files\TortoiseSVN\bin;C:\WINDOWS\system32;%M2_HOME%\bin;D:\6.RESEARCH-AND-DEVELOPMENT\sonarqube\sonar-scanner-3.0.1.733-windows\bin;C:\Program Files\Git\cmd;C:\Program Files\Git\mingw64\bin;C:\Program Files\Git\usr\bin;C:\Program Files\TortoiseGit\bin;c:\jruby-9.1.8.0\bin;C:\Ruby23-x64\bin;%M2_HOME%\bin;C:\Program Files\Git\bin"/>
    <property name="JBOSS_HOME" value="D:\7.SERVERS\wildfly-8.0.0.Final"/>
    <property name="java.vm.specification.name" value="Java Virtual Machine Specification"/>
    <property name="PROCESSOR_ARCHITECTURE" value="AMD64"/>
    <property name="PROCESSOR_IDENTIFIER" value="Intel64 Family 6 Model 58 Stepping 9, GenuineIntel"/>
    <property name="SESSIONNAME" value="Console"/>
    <property name="java.vm.specification.version" value="1.8"/>
    <property name="sun.os.patch.level" value="Service Pack 1"/>
    <property name="sun.cpu.endian" value="little"/>
    <property name="M2_HOME" value="C:\Users\moha2371\.jenkins\tools\hudson.tasks.Maven_MavenInstallation\maven_3.3.9"/>
    <property name="java.io.tmpdir" value="C:\Users\moha2371\AppData\Local\Temp\"/>
    <property name="OS" value="Windows_NT"/>
    <property name="HUDSON_HOME" value="C:\Users\moha2371\.jenkins"/>
    <property name="PATH+MAVEN" value="C:\Users\moha2371\.jenkins\tools\hudson.tasks.Maven_MavenInstallation\maven_3.3.9/bin"/>
    <property name="ProgramFiles(x86)" value="C:\Program Files (x86)"/>
    <property name="BUILD_URL" value="http://172.24.30.237:8081/jenkins1/job/JavaProjectDemo/2/"/>
    <property name="java.vendor.url.bug" value="http://bugreport.sun.com/bugreport/"/>
    <property name="java.awt.graphicsenv" value="sun.awt.Win32GraphicsEnvironment"/>
    <property name="os.arch" value="amd64"/>
    <property name="SystemRoot" value="C:\Windows"/>
    <property name="windows_tracing_flags" value="3"/>
    <property name="java.ext.dirs" value="C:\Program Files\Java\jdk1.8.0_20\jre\lib\ext;C:\Windows\Sun\Java\lib\ext"/>
    <property name="user.dir" value="D:\6.RESEARCH-AND-DEVELOPMENT\spring sample projects\SpringMVC"/>
    <property name="JOB_URL" value="http://172.24.30.237:8081/jenkins1/job/JavaProjectDemo/"/>
    <property name="LOGONSERVER" value="\\ZEUS"/>
    <property name="USERDOMAIN" value="KUMARAN"/>
    <property name="line.separator" value="
"/>
    <property name="MAVEN_HOME" value="C:\Users\moha2371\.jenkins\tools\hudson.tasks.Maven_MavenInstallation\maven_3.3.9"/>
    <property name="java.vm.name" value="Java HotSpot(TM) 64-Bit Server VM"/>
    <property name="BUILD_NUMBER" value="2"/>
    <property name="JENKINS_URL" value="http://172.24.30.237:8081/jenkins1/"/>
    <property name="PROCESSOR_REVISION" value="3a09"/>
    <property name="ProgramW6432" value="C:\Program Files"/>
    <property name="windir" value="C:\Windows"/>
    <property name="file.encoding" value="Cp1252"/>
    <property name="SystemDrive" value="C:"/>
    <property name="maven3.interceptor" value="C:\Users\moha2371\.jenkins\plugins\maven-plugin\WEB-INF\lib\maven33-interceptor-1.8.1.jar"/>
    <property name="WORKSPACE" value="C:\Users\moha2371\.jenkins\workspace\JavaProjectDemo"/>
    <property name="maven3.interceptor.common" value="C:\Users\moha2371\.jenkins\plugins\maven-plugin\WEB-INF\lib\maven3-interceptor-commons-1.8.1.jar"/>
    <property name="java.specification.version" value="1.8"/>
    <property name="PSModulePath" value="C:\Windows\system32\WindowsPowerShell\v1.0\Modules\"/>
  </properties>
  <testcase classname="com.login.service.LoginServiceTest" name="testLoginService" time="0.016"/>
  <testcase classname="com.login.service.LoginServiceTest" name="checkCredentialsForValidCustomer" time="0"/>
  <testcase classname="com.login.service.LoginServiceTest" name="checkCredentialsForInvalidCustomer" time="0"/>
  <testcase classname="com.login.service.LoginServiceTest" name="checkCredentialsForEmptyString" time="0"/>
  <testcase classname="com.login.service.LoginServiceTest" name="checkCredentialsForNull" time="0"/>
</testsuite>